Writing file: first.spl...
Step 1. (0.5): ...
error: 4.59568e-05
functional: 0.0901938
done.
sum of squares of differences: 4.59568e-05
Writing file: first.spl...
Step 1. (0.6): ...
error: 3.80976e-05
functional: 0.0941121
done.
sum of squares of differences: 3.80976e-05
Writing file: first.spl...
Step 1. (0.7): ...
error: 3.28313e-05
functional: 0.098202
done.
sum of squares of differences: 3.28313e-05
Writing file: first.spl...
Step 1. (0.8): ...
error: 2.9006e-05
functional: 0.103193
done.
sum of squares of differences: 2.9006e-05
Writing file: first.spl...
Step 1. (0.9): ...
error: 2.59747e-05
functional: 0.111158
done.
sum of squares of differences: 2.59747e-05
Writing file: first.spl...
Step 1. (1): ...
error: 2.40224e-05
functional: 0.133221
done.
sum of squares of differences: 2.40224e-05
