Writing file: third.spl...
Step 1. (0): ...
error: 0.981852
Step 2. (1): ...
error: 2.40224e-05
Step 3. (0.5): ...
error: 0.109126
Step 4. (0.75): ...
error: 0.0339761
Step 5. (0.875): ...
error: 0.0113462
Step 6. (0.9375): ...
error: 0.0036349
Step 7. (0.96875): ...
error: 0.00109986
Step 8. (0.984375): ...
error: 0.000325985
done.
sum of squares of differences: 0.000325985
Writing file: third.spl...
Step 1. (0): ...
error: 0.981852
Step 2. (1): ...
error: 2.40224e-05
Step 3. (0.5): ...
error: 0.00270922
Step 4. (0.75): ...
error: 0.000472775
Step 5. (0.875): ...
error: 0.00012421
Step 6. (0.9375): ...
error: 4.81856e-05
Step 7. (0.90625): ...
error: 7.92731e-05
Step 8. (0.890625): ...
error: 9.99391e-05
done.
sum of squares of differences: 9.99391e-05
Writing file: third.spl...
Step 1. (0): ...
error: 0.981852
Step 2. (1): ...
error: 2.40224e-05
Step 3. (0.5): ...
error: 0.109126
Step 4. (0.75): ...
error: 0.0339761
Step 5. (0.875): ...
error: 0.0113462
Step 6. (0.9375): ...
error: 0.0036349
Step 7. (0.96875): ...
error: 0.00109986
Step 8. (0.984375): ...
error: 0.000325985
done.
sum of squares of differences: 0.000325985
