This is TeX, Version 3.14159 (C version 6.1) (format=latex 98.4.22)  17 JUN 1998 12:37
**szakdoli
(szakdoli.tex
LaTeX2e <1996/12/01> patch level 1
Babel <v3.6h> and hyphenation patterns for american, german, magyar, loaded.
(/usr/lib/texmf/texmf/tex/latex/base/book.cls
Document Class: book 1996/10/31 v1.3u Standard LaTeX document class
(/usr/lib/texmf/texmf/tex/latex/base/bk11.clo
File: bk11.clo 1996/10/31 v1.3u Standard LaTeX file (size option)
)
\c@part=\count79
\c@chapter=\count80
\c@section=\count81
\c@subsection=\count82
\c@subsubsection=\count83
\c@paragraph=\count84
\c@subparagraph=\count85
\c@figure=\count86
\c@table=\count87
\abovecaptionskip=\skip41
\belowcaptionskip=\skip42
\bibindent=\dimen102
)
(/usr/lib/texmf/texmf/tex/latex/base/t1enc.sty
Package: t1enc 1994/06/01 Standard LaTeX package
)
(/usr/lib/texmf/texmf/tex/latex/base/inputenc.sty beta test version
Package: inputenc 1996/11/23 v0.9w Input encoding file (test version: still lia
ble to change)

(/usr/lib/texmf/texmf/tex/latex/base/latin2.def
File: latin2.def 1996/11/23 v0.9w Input encoding file (test version: still liab
le to change)
))
(/usr/lib/texmf/texmf/tex/generic/babel/babel.sty
Package: babel 1997/01/23 v3.6h The Babel package
 (magyar.ldf
File: magyar.ldf 1996/12/23 v1.3h Magyar support from the babel system

(/usr/lib/texmf/texmf/tex/generic/babel/babel.def
File: babel.def 1997/01/23 v3.6h Babel common definitions
\babel@savecnt=\count88
\U@D=\dimen103
)
Package babel Info: Making ` an active character on input line 626.
))
(/usr/lib/texmf/texmf/tex/latex/amsfonts/amssymb.sty
Package: amssymb 1996/11/03 v2.2b

(/usr/lib/texmf/texmf/tex/latex/amsfonts/amsfonts.sty
Package: amsfonts 1996/11/03 v2.2c
\@emptytoks=\toks14
\symAMSa=\mathgroup4
\symAMSb=\mathgroup5
LaTeX Font Info:    Overwriting math alphabet `\mathfrak' in version `bold'
(Font)                  U/euf/m/n --> U/euf/b/n on input line 129.
))
(/usr/lib/texmf/texmf/tex/latex/amslatex/amsmath.sty
Package: amsmath 1996/11/01 v1.2c AMS math features
\@mathmargin=\skip43

(/usr/lib/texmf/texmf/tex/latex/amslatex/amstext.sty
Package: amstext 1996/10/28 v1.2b

(/usr/lib/texmf/texmf/tex/latex/amslatex/amsgen.sty
File: amsgen 1996/10/29 v1.2b
\@emptytoks=\toks15
\ex@=\dimen104
))
(/usr/lib/texmf/texmf/tex/latex/amslatex/amsbsy.sty
Package: amsbsy 1996/10/28 v1.2b
\pmbraise@=\dimen105
)
(/usr/lib/texmf/texmf/tex/latex/amslatex/amsopn.sty
Package: amsopn 1996/10/28 v1.2b operator names
)
LaTeX Info: Redefining \frac on input line 188.
\uproot@=\count89
\leftroot@=\count90
\classnum@=\count91
\DOTSCASE@=\count92
LaTeX Info: Redefining \dots on input line 335.
LaTeX Info: Redefining \ldots on input line 418.
LaTeX Info: Redefining \cdots on input line 422.
\Mathstrutbox@=\box26
\strutbox@=\box27
\big@size=\dimen106
LaTeX Font Info:    Redeclaring font encoding OML on input line 500.
LaTeX Font Info:    Redeclaring font encoding OMS on input line 501.
\skewcharcount@=\count93
\familycount@=\count94
\pointcount@=\count95
\accentdimen@=\dimen107
\accentmu@=\count96
\minaw@=\dimen108
\c@MaxMatrixCols=\count97
\dotsspace@=\muskip10
\c@parentequation=\count98
\dspbrk@lvl=\count99
\tag@help=\toks16
\row@=\count100
\column@=\count101
\maxfields@=\count102
\andhelp@=\toks17
\eqnshift@=\dimen109
\alignsep@=\dimen110
\tagshift@=\dimen111
\tagwidth@=\dimen112
\totwidth@=\dimen113
\lineht@=\dimen114
\@envbody=\toks18
\multlinegap=\skip44
\multlinetaggap=\skip45
)
(/usr/lib/texmf/texmf/tex/latex/base/ifthen.sty
Package: ifthen 1996/08/02 v1.0m Standard LaTeX ifthen package (DPC)
)
(/usr/lib/texmf/texmf/tex/latex/amsfonts/eucal.sty
Package: eucal 1996/11/03 v2.2b Euler Script fonts
LaTeX Font Info:    Overwriting math alphabet `\EuScript' in version `bold'
(Font)                  U/eus/m/n --> U/eus/b/n on input line 48.
)
(/usr/lib/texmf/texmf/tex/latex/graphics/graphics.sty
Package: graphics 1996/10/31 v1.0c Standard LaTeX Graphics (DPC,SPQR)

(/usr/lib/texmf/texmf/tex/latex/graphics/trig.sty
Package: trig 1994/10/16 v1.08 sin cos tan (DPC)
)
(/usr/lib/texmf/texmf/tex/latex/config/graphics.cfg)
Package graphics Info: Driver file: dvips.def on input line 82.

(/usr/lib/texmf/texmf/tex/latex/graphics/dvips.def
File: dvips.def 1996/12/12 v3.0d Driver-dependant file (DPC,SPQR)
))
(/usr/lib/texmf/texmf/tex/latex/misc/subfigure.sty
Package: subfigure 1995/03/06 v2.0 subfigure package

Package: subfigure 1995/03/06 v2.0
\c@subfigure=\count103
\c@lofdepth=\count104
\c@subtable=\count105
\c@lotdepth=\count106
)
\c@defenv=\count107
\c@theorem=\count108
 (szakdoli.aux)
LaTeX Font Info:    Checking defaults for OML/cmm/m/it on input line 28.
LaTeX Font Info:    ... okay on input line 28.
LaTeX Font Info:    Checking defaults for T1/cmr/m/n on input line 28.
LaTeX Font Info:    ... okay on input line 28.
LaTeX Font Info:    Checking defaults for OT1/cmr/m/n on input line 28.
LaTeX Font Info:    ... okay on input line 28.
LaTeX Font Info:    Checking defaults for OMS/cmsy/m/n on input line 28.
LaTeX Font Info:    ... okay on input line 28.
LaTeX Font Info:    Checking defaults for OMX/cmex/m/n on input line 28.
LaTeX Font Info:    ... okay on input line 28.
LaTeX Font Info:    Checking defaults for U/cmr/m/n on input line 28.
LaTeX Font Info:    ... okay on input line 28.
LaTeX Font Info:    Try loading font information for U+msa on input line 41.
 (/usr/lib/texmf/texmf/tex/latex/amsfonts/umsa.fd
File: Umsa.fd 1995/01/05 v2.2e AMS font definitions
)
LaTeX Font Info:    Try loading font information for U+msb on input line 41.

(/usr/lib/texmf/texmf/tex/latex/amsfonts/umsb.fd
File: Umsb.fd 1995/01/05 v2.2e AMS font definitions
) [1


] (szakdoli.toc [1

])
\tf@toc=\write3

[2]
1. fejezet.
[1

] [2] [3]
2. fejezet.
[4

] [5]
LaTeX Font Info:    Try loading font information for U+eus on input line 280.
 (/usr/lib/texmf/texmf/tex/latex/amsfonts/ueus.fd
File: Ueus.fd 1995/01/05 v2.2e AMS font definitions
) [6] [7] [8] [9]
[10] [11] [12] [13] [14]
3. fejezet.
[15

]
LaTeX Font Info:    Try loading font information for OMS+cmr on input line 746.

 (/usr/lib/texmf/texmf/tex/latex/base/omscmr.fd
File: omscmr.fd 1997/01/14 v2.5a Standard LaTeX font definitions
)
LaTeX Font Info:    Font shape `OMS/cmr/m/n' in size <10.95> not available
(Font)              Font shape `OMS/cmsy/m/n' tried instead on input line 746.
 [16] [17] [18] [19]
[20] [21] [22] [23] [24] [25] [26]
File: ./fig/parkor.ps Graphic file (type eps)
 <./fig/parkor.ps> [27] [28] [29]
File: ./fig/newton.ps Graphic file (type eps)

<./fig/newton.ps> [30] [31] [32]
File: ./fig/poligon.ps Graphic file (type eps)
 <./fig/poligon.ps> [33] [34]
4. fejezet.
[35

]
File: ./surfaces/sample/param.ps Graphic file (type eps)
 <./surfaces/sample/param.ps>
File: ./surfaces/sample/gauss.ps Graphic file (type eps)
 <./surfaces/sample/gauss.ps>
File: ./surfaces/sample/minkowski.ps Graphic file (type eps)

<./surfaces/sample/minkowski.ps> [36]
File: ./surfaces/sample/cont.ps Graphic file (type eps)
 <./surfaces/sample/cont.ps>
File: ./surfaces/sample/normals.ps Graphic file (type eps)

<./surfaces/sample/normals.ps>
File: ./surfaces/sample/first.ps Graphic file (type eps)
 <./surfaces/sample/first.ps>
File: ./surfaces/sample/second.ps Graphic file (type eps)

<./surfaces/sample/second.ps>
File: ./surfaces/sample/third.ps Graphic file (type eps)
 <./surfaces/sample/third.ps> [37] [38]
File: ./surfaces/approx/4a.ps Graphic file (type eps)

<./surfaces/approx/4a.ps>
File: ./surfaces/approx/4b.ps Graphic file (type eps)
 <./surfaces/approx/4b.ps>
File: ./surfaces/approx/4a_control.ps Graphic file (type eps)

<./surfaces/approx/4a_control.ps>
File: ./surfaces/approx/4b_control.ps Graphic file (type eps)
 <./surfaces/approx/4b_control.ps> [39]
[40]
File: ./surfaces/approx/5a.ps Graphic file (type eps)
 <./surfaces/approx/5a.ps>
File: ./surfaces/approx/5b.ps Graphic file (type eps)
 <./surfaces/approx/5b.ps>
File: ./surfaces/approx/5a_control.ps Graphic file (type eps)

<./surfaces/approx/5a_control.ps>
File: ./surfaces/approx/5b_control.ps Graphic file (type eps)
 <./surfaces/approx/5b_control.ps>
File: ./surfaces/approx/6a_control.ps Graphic file (type eps)

<./surfaces/approx/6a_control.ps>
File: ./surfaces/approx/6b_control.ps Graphic file (type eps)
 <./surfaces/approx/6b_control.ps>
File: ./surfaces/approx/41.ps Graphic file (type eps)

<./surfaces/approx/41.ps> [41] [42]
File: ./surfaces/approx/42a.ps Graphic file (type eps)
 <./surfaces/approx/42a.ps>
File: ./surfaces/approx/42b.ps Graphic file (type eps)

<./surfaces/approx/42b.ps>
File: ./surfaces/approx/43a.ps Graphic file (type eps)
 <./surfaces/approx/43a.ps>
File: ./surfaces/approx/43b.ps Graphic file (type eps)

<./surfaces/approx/43b.ps>
File: ./surfaces/approx/44a.ps Graphic file (type eps)
 <./surfaces/approx/44a.ps>
File: ./surfaces/approx/44b.ps Graphic file (type eps)

<./surfaces/approx/44b.ps>
File: ./graf/gfc123.ps Graphic file (type eps)
 <./graf/gfc123.ps> [43] [44] [45] [46]
File: ./graf/gs123.ps Graphic file (type eps)

<./graf/gs123.ps>
File: ./graf/gh123.ps Graphic file (type eps)
 <./graf/gh123.ps> [47] [48]
File: ./graf/gshc1.ps Graphic file (type eps)
 <./graf/gshc1.ps>
File: ./graf/gshc2.ps Graphic file (type eps)

<./graf/gshc2.ps> [49] [50]
File: ./surfaces/approx/33_1a.ps Graphic file (type eps)
 <./surfaces/approx/33_1a.ps>
File: ./surfaces/approx/33_1b.ps Graphic file (type eps)

<./surfaces/approx/33_1b.ps>
File: ./surfaces/approx/33_1a_control.ps Graphic file (type eps)
 <./surfaces/approx/33_1a_control.ps>
File: ./surfaces/approx/33_1b_control.ps Graphic file (type eps)

<./surfaces/approx/33_1b_control.ps>
File: ./surfaces/approx/33_2a.ps Graphic file (type eps)
 <./surfaces/approx/33_2a.ps>
File: ./surfaces/approx/33_2b.ps Graphic file (type eps)

<./surfaces/approx/33_2b.ps>
File: ./surfaces/approx/33_2a_control.ps Graphic file (type eps)
 <./surfaces/approx/33_2a_control.ps>
File: ./surfaces/approx/33_2b_control.ps Graphic file (type eps)

<./surfaces/approx/33_2b_control.ps>
File: ./surfaces/approx/32_1a.ps Graphic file (type eps)
 <./surfaces/approx/32_1a.ps>
File: ./surfaces/approx/32_1b.ps Graphic file (type eps)

<./surfaces/approx/32_1b.ps>
File: ./surfaces/approx/32_1a_control.ps Graphic file (type eps)
 <./surfaces/approx/32_1a_control.ps>
File: ./surfaces/approx/32_1b_control.ps Graphic file (type eps)

<./surfaces/approx/32_1b_control.ps>
File: ./surfaces/approx/32_2a.ps Graphic file (type eps)
 <./surfaces/approx/32_2a.ps>
File: ./surfaces/approx/32_2b.ps Graphic file (type eps)

<./surfaces/approx/32_2b.ps>
File: ./surfaces/approx/32_2a_control.ps Graphic file (type eps)
 <./surfaces/approx/32_2a_control.ps>
File: ./surfaces/approx/32_2b_control.ps Graphic file (type eps)

<./surfaces/approx/32_2b_control.ps> [51] [52] [53] [54] [55]
5. fejezet.
[56

] [57] [58]
LaTeX Font Info:    Try loading font information for T1+cmtt on input line 2489
.
 (/usr/lib/texmf/texmf/tex/latex/base/t1cmtt.fd
File: t1cmtt.fd 1997/01/14 v2.5a Standard LaTeX font definitions
) [59] [60]
[61] [62] [63] [64] [65] [66] [67] [68] [69] [70] [71] [72] [73] [74] [75]
[76] [77] [78] [79] [80] [81] [82] [83]
6. fejezet.
[84

] [85] [86] [87] [88] (szakdoli.lot
Overfull \hbox (2.27223pt too wide) in paragraph at lines 13--13
 [][] []\T1/cmr/m/n/10.95 ^^c1tlagos t^^e1-vol-s^^e1g-n^^e9gy-zet v^^e1l-to-z^^
e1sa az 1. fe-l^^fc-let ese-t^^e9-ben. Kont- 
 []

)
\tf@lot=\write4
 [89

] (szakdoli.lof
Overfull \hbox (7.0062pt too wide) in paragraph at lines 20--20
 [][] []\T1/cmr/m/n/10.95 ^^c1tlagos t^^e1-vol-s^^e1g-n^^e9gy-zet v^^e1l-to-z^^
e1sa k^^fc-l^^f6n-b^^f6z^^ae funk-ci-o-n^^e1-lok hasz- 
 []

)
\tf@lof=\write5
 [90

] [91

] (szakdoli.aux) ) 
Here is how much of TeX's memory you used:
 2536 strings out of 10901
 26399 string characters out of 72103
 79441 words of memory out of 262141
 4811 multiletter control sequences out of 9500
 31667 words of font info for 81 fonts, out of 150000 for 255
 14 hyphenation exceptions out of 607
 28i,18n,24p,250b,393s stack positions out of 300i,40n,60p,3000b,4000s

Output written on szakdoli.dvi (94 pages, 286964 bytes).
