This is TeX, Version 3.14159 (C version 6.1) (format=latex 96.9.2)  28 OCT 1997 07:14
**vprogtem.tex
(vprogtem.tex
LaTeX2e <1996/06/01>
Hyphenation patterns for english, german, loaded.
(/usr/lib/texmf/texmf/tex/latex/base/latex209.def
File: latex209.def 1996/05/21 v0.51 Standard LaTeX file

Entering LaTeX 2.09 compatibility mode.
\footheight=\dimen102
\@maxsep=\dimen103
\@dblmaxsep=\dimen104
\@cla=\count79
\@clb=\count80
\mscount=\count81
(/usr/lib/texmf/texmf/tex/latex/base/tracefnt.sty
Package: tracefnt 1996/05/08 v3.0h Standard LaTeX package (font tracing)
\tracingfonts=\count82
LaTeX Info: Redefining \selectfont on input line 139.
)
\symbold=\mathgroup4
\symsans=\mathgroup5
\symtypewriter=\mathgroup6
\symitalic=\mathgroup7
\symsmallcaps=\mathgroup8
\symslanted=\mathgroup9
LaTeX Font Info:    Redeclaring math alphabet \mathbf on input line 307.
LaTeX Font Info:    Redeclaring math alphabet \mathsf on input line 308.
LaTeX Font Info:    Redeclaring math alphabet \mathtt on input line 309.
LaTeX Font Info:    Redeclaring math alphabet \mathit on input line 315.
LaTeX Info: Redefining \em on input line 325.

(/usr/lib/texmf/texmf/tex/latex/base/latexsym.sty
Package: latexsym 1995/11/28 v2.2c Standard LaTeX package (lasy symbols)
\symlasy=\mathgroup10
LaTeX Font Info:    Overwriting symbol font `lasy' in version `bold'
(Font)                  U/lasy/m/n --> U/lasy/b/n on input line 86.
)
LaTeX Font Info:    Redeclaring math delimiter \lgroup on input line 389.
LaTeX Font Info:    Redeclaring math delimiter \rgroup on input line 391.
LaTeX Font Info:    Redeclaring math delimiter \bracevert on input line 393.

(/usr/lib/texmf/texmf/tex/latex/config/latex209.cfg
(/usr/lib/texmf/texmf/tex/latex/tools/rawfonts.sty
Compatibility mode: package `' requested, but `rawfonts' provided.
Package: rawfonts 1994/05/08 Low-level LaTeX 2.09 font compatibility

(/usr/lib/texmf/texmf/tex/latex/tools/somedefs.sty
Package: somedefs 1994/06/01 Toolkit for optional definitions
)
LaTeX Font Info:    Try loading font information for U+lasy on input line 36.

(/usr/lib/texmf/texmf/tex/latex/base/Ulasy.fd
File: Ulasy.fd 1995/11/28 v2.2cLaTeX symbol font definitions
))))
(/usr/lib/texmf/texmf/tex/latex/base/book.cls
Document Class: book 1996/05/26 v1.3r Standard LaTeX document class
(/usr/lib/texmf/texmf/tex/latex/base/bk10.clo
File: bk10.clo 1996/05/26 v1.3r Standard LaTeX file (size option)
)
\c@part=\count83
\c@chapter=\count84
\c@section=\count85
\c@subsection=\count86
\c@subsubsection=\count87
\c@paragraph=\count88
\c@subparagraph=\count89
\c@figure=\count90
\c@table=\count91
\abovecaptionskip=\skip41
\belowcaptionskip=\skip42
Compatibility mode: definition of \rm ignored.
Compatibility mode: definition of \sf ignored.
Compatibility mode: definition of \tt ignored.
Compatibility mode: definition of \bf ignored.
Compatibility mode: definition of \it ignored.
Compatibility mode: definition of \sl ignored.
Compatibility mode: definition of \sc ignored.
LaTeX Info: Redefining \cal on input line 634.
LaTeX Info: Redefining \mit on input line 635.
\bibindent=\dimen105
) (epsf.sty
\epsffilein=\read1
\epsfxsize=\dimen106
\epsfysize=\dimen107
\epsftsize=\dimen108
\epsfrsize=\dimen109
\epsftmp=\dimen110
\pspoints=\dimen111
) (depi.sty)
(vprogtem.aux)
LaTeX Font Info:    Checking defaults for OML/cmm/m/it on input line 11.
LaTeX Font Info:    ... okay on input line 11.
LaTeX Font Info:    Checking defaults for T1/cmr/m/n on input line 11.
LaTeX Font Info:    ... okay on input line 11.
LaTeX Font Info:    Checking defaults for OT1/cmr/m/n on input line 11.
LaTeX Font Info:    ... okay on input line 11.
LaTeX Font Info:    Checking defaults for OMS/cmsy/m/n on input line 11.
LaTeX Font Info:    ... okay on input line 11.
LaTeX Font Info:    Checking defaults for OMX/cmex/m/n on input line 11.
LaTeX Font Info:    ... okay on input line 11.
LaTeX Font Info:    Checking defaults for U/cmr/m/n on input line 11.
LaTeX Font Info:    ... okay on input line 11.
 cimer.ps: width=111.41496pt, height=105.39253pt
LaTeX Font Info:    External font `cmex10' loaded for size
(Font)              <12> on input line 21.
LaTeX Font Info:    External font `cmex10' loaded for size
(Font)              <8> on input line 21.
LaTeX Font Info:    External font `cmex10' loaded for size
(Font)              <6> on input line 21.
 [1

] [2]
(vprogtem.aux) ) 
Here is how much of TeX's memory you used:
 601 strings out of 10915
 5956 string characters out of 72397
 50155 words of memory out of 262141
 3467 multiletter control sequences out of 9500
 22500 words of font info for 84 fonts, out of 150000 for 255
 14 hyphenation exceptions out of 607
 21i,4n,21p,320b,115s stack positions out of 300i,40n,60p,3000b,4000s

Output written on vprogtem.dvi (2 pages, 7504 bytes).
